<?xml version="1.0" encoding="UTF-8"?>
<!-- Generated by org.testng.reporters.JUnitXMLReporter -->
<testsuite ignored="0" hostname="Nam" failures="0" tests="3" name="Default test" time="11.076" errors="0" timestamp="2025-07-21T15:33:18 GMT+07:00">
  <testcase classname="TestNG.AutomationTestNG1" name="Demo1" time="1.141"/>
  <testcase classname="TestNG.AutomationTestNG1" name="Demo2" time="3.624"/>
  <testcase classname="TestNG.AutomationTestNG1" name="Demo3" time="2.764"/>
</testsuite> <!-- Default test -->
