<?xml version="1.0" encoding="UTF-8"?>
<testng-results ignored="0" total="1" passed="1" failed="0" skipped="0">
  <reporter-output>
  </reporter-output>
  <suite started-at="2025-07-28T13:37:26 GMT+07:00" name="Default suite" finished-at="2025-07-28T13:37:32 GMT+07:00" duration-ms="5475">
    <groups>
    </groups>
    <test started-at="2025-07-28T13:37:26 GMT+07:00" name="Default test" finished-at="2025-07-28T13:37:32 GMT+07:00" duration-ms="5475">
      <class name="thuhanh.ProjectTest">
        <test-method is-config="true" signature="createDriver()[pri:0, instance:thuhanh.ProjectTest@9d5509a]" started-at="2025-07-28T13:37:27 GMT+07:00" name="createDriver" finished-at="2025-07-28T13:37:28 GMT+07:00" duration-ms="1224" status="PASS">
          <reporter-output>
          </reporter-output>
        </test-method> <!-- createDriver -->
        <test-method signature="loginPage()[pri:0, instance:thuhanh.ProjectTest@9d5509a]" started-at="2025-07-28T13:37:28 GMT+07:00" name="loginPage" finished-at="2025-07-28T13:37:32 GMT+07:00" duration-ms="3980" status="PASS">
          <reporter-output>
          </reporter-output>
        </test-method> <!-- loginPage -->
        <test-method is-config="true" signature="closeDriver()[pri:0, instance:thuhanh.ProjectTest@9d5509a]" started-at="2025-07-28T13:37:32 GMT+07:00" name="closeDriver" finished-at="2025-07-28T13:37:32 GMT+07:00" duration-ms="227" status="PASS">
          <reporter-output>
          </reporter-output>
        </test-method> <!-- closeDriver -->
      </class> <!-- thuhanh.ProjectTest -->
    </test> <!-- Default test -->
  </suite> <!-- Default suite -->
</testng-results>
